0 info it worked if it ends with ok
1 verbose cli [ '/usr/bin/node', '/usr/bin/npm', 'run', 'setup' ]
2 info using npm@3.5.2
3 info using node@v8.10.0
4 verbose run-script [ 'presetup', 'setup', 'postsetup' ]
5 info lifecycle assistant-relay@3.2.0~presetup: assistant-relay@3.2.0
6 silly lifecycle assistant-relay@3.2.0~presetup: no script for presetup, continuing
7 info lifecycle assistant-relay@3.2.0~setup: assistant-relay@3.2.0
8 verbose lifecycle assistant-relay@3.2.0~setup: unsafe-perm in lifecycle true
9 verbose lifecycle assistant-relay@3.2.0~setup: PATH: /usr/share/npm/bin/node-gyp-bin:/home/jbauwens/github/server/google-assistant-relay/node_modules/.bin:/home/jbauwens/.local/bin:/usr/local/sbin:/usr/local/bin:/usr/sbin:/usr/bin:/sbin:/bin:/usr/games:/usr/local/games:/snap/bin
10 verbose lifecycle assistant-relay@3.2.0~setup: CWD: /home/jbauwens/github/server/google-assistant-relay
11 silly lifecycle assistant-relay@3.2.0~setup: Args: [ '-c', 'npm i -g pm2 && npm i' ]
12 silly lifecycle assistant-relay@3.2.0~setup: Returned: code: 243  signal: null
13 info lifecycle assistant-relay@3.2.0~setup: Failed to exec setup script
14 verbose stack Error: assistant-relay@3.2.0 setup: `npm i -g pm2 && npm i`
14 verbose stack Exit status 243
14 verbose stack     at EventEmitter.<anonymous> (/usr/share/npm/lib/utils/lifecycle.js:232:16)
14 verbose stack     at emitTwo (events.js:126:13)
14 verbose stack     at EventEmitter.emit (events.js:214:7)
14 verbose stack     at ChildProcess.<anonymous> (/usr/share/npm/lib/utils/spawn.js:24:14)
14 verbose stack     at emitTwo (events.js:126:13)
14 verbose stack     at ChildProcess.emit (events.js:214:7)
14 verbose stack     at maybeClose (internal/child_process.js:925:16)
14 verbose stack     at Process.ChildProcess._handle.onexit (internal/child_process.js:209:5)
15 verbose pkgid assistant-relay@3.2.0
16 verbose cwd /home/jbauwens/github/server/google-assistant-relay
17 error Linux 4.15.0-153-generic
18 error argv "/usr/bin/node" "/usr/bin/npm" "run" "setup"
19 error node v8.10.0
20 error npm  v3.5.2
21 error code ELIFECYCLE
22 error assistant-relay@3.2.0 setup: `npm i -g pm2 && npm i`
22 error Exit status 243
23 error Failed at the assistant-relay@3.2.0 setup script 'npm i -g pm2 && npm i'.
23 error Make sure you have the latest version of node.js and npm installed.
23 error If you do, this is most likely a problem with the assistant-relay package,
23 error not with npm itself.
23 error Tell the author that this fails on your system:
23 error     npm i -g pm2 && npm i
23 error You can get information on how to open an issue for this project with:
23 error     npm bugs assistant-relay
23 error Or if that isn't available, you can get their info via:
23 error     npm owner ls assistant-relay
23 error There is likely additional logging output above.
24 verbose exit [ 1, true ]
